<?xml version="1.0" encoding="UTF-8"?>
<!-- Generated by org.testng.reporters.JUnitXMLReporter -->
<testsuite hostname="Arjun-PC" name="ExpediaSearchPage" tests="4" failures="0" timestamp="1 Mar 2017 03:28:09 GMT" time="0.061" errors="0">
  <testcase name="AudiA6" time="0.014" classname="tutorialselenium.TestNG.TestNG_Grouping"/>
  <testcase name="BMW3Series" time="0.002" classname="tutorialselenium.TestNG.TestNG_Grouping"/>
  <testcase name="BMWX3" time="0.001" classname="tutorialselenium.TestNG.TestNG_Grouping"/>
  <testcase name="HondaAccord" time="0.003" classname="tutorialselenium.TestNG.TestNG_Grouping"/>
</testsuite> <!-- ExpediaSearchPage -->
